[INFO ] 15:57:35.159 [main] c.spacemall.web.SpaceMallApplication ---> Starting SpaceMallApplication on LAPTOP-TAEJVG7D with PID 5908 (D:\reposity\aircas\spacemall\spacemall-web\target\classes started by gcl in D:\reposity\aircas\spacemall)
[INFO ] 15:57:35.162 [main] c.spacemall.web.SpaceMallApplication ---> No active profile set, falling back to default profiles: default
[INFO ] 15:57:36.035 [main] o.s.c.s.PostProcessorRegistrationDelegate$BeanPostProcessorChecker ---> Bean 'org.springframework.transaction.annotation.ProxyTransactionManagementConfiguration' of type [org.springframework.transaction.annotation.ProxyTransactionManagementConfiguration$$EnhancerBySpringCGLIB$$67de47e2] is not eligible for getting processed by all BeanPostProcessors (for example: not eligible for auto-proxying)
[INFO ] 15:57:36.235 [main] o.s.b.w.e.tomcat.TomcatWebServer ---> Tomcat initialized with port(s): 8888 (http)
[INFO ] 15:57:36.244 [main] o.a.coyote.http11.Http11NioProtocol ---> Initializing ProtocolHandler ["http-nio-8888"]
[INFO ] 15:57:36.247 [main] o.a.catalina.core.StandardService ---> Starting service [Tomcat]
[INFO ] 15:57:36.247 [main] o.a.catalina.core.StandardEngine ---> Starting Servlet Engine: Apache Tomcat/9.0.12
[INFO ] 15:57:36.251 [main] o.a.c.core.AprLifecycleListener ---> The APR based Apache Tomcat Native library which allows optimal performance in production environments was not found on the java.library.path: [D:\Java\jdk1.8.0_181\bin;C:\Windows\Sun\Java\bin;C:\Windows\system32;C:\Windows;C:\Program Files (x86)\Common Files\Oracle\Java\javapath;C:\Windows\system32;C:\Windows;C:\Windows\System32\Wbem;C:\Windows\System32\WindowsPowerShell\v1.0\;C:\Windows\System32\OpenSSH\;C:\Program Files (x86)\NVIDIA Corporation\PhysX\Common;C:\Program Files\NVIDIA Corporation\NVIDIA NvDLISR;D:\Java\jdk1.8.0_181\bin;D:\maven\apache-maven-3.5.2\bin;D:\mysql\mysql-5.7.22-winx64\bin;D:\git\Git\cmd;C:\Users\gcl\AppData\Local\Microsoft\WindowsApps;;.]
[INFO ] 15:57:36.311 [main] o.a.c.c.C.[Tomcat].[localhost].[/] ---> Initializing Spring embedded WebApplicationContext
[INFO ] 15:57:36.311 [main] o.s.web.context.ContextLoader ---> Root WebApplicationContext: initialization completed in 1113 ms
[INFO ] 15:57:36.334 [main] o.s.b.w.s.ServletRegistrationBean ---> Servlet dispatcherServlet mapped to [/]
[INFO ] 15:57:36.337 [main] o.s.b.w.s.FilterRegistrationBean ---> Mapping filter: 'characterEncodingFilter' to: [/*]
[INFO ] 15:57:36.337 [main] o.s.b.w.s.FilterRegistrationBean ---> Mapping filter: 'hiddenHttpMethodFilter' to: [/*]
[INFO ] 15:57:36.337 [main] o.s.b.w.s.FilterRegistrationBean ---> Mapping filter: 'formContentFilter' to: [/*]
[INFO ] 15:57:36.338 [main] o.s.b.w.s.FilterRegistrationBean ---> Mapping filter: 'requestContextFilter' to: [/*]
[INFO ] 15:57:36.790 [main] s.d.s.w.PropertySourcedRequestMappingHandlerMapping ---> Mapped URL path [/v2/api-docs] onto method [public org.springframework.http.ResponseEntity<springfox.documentation.spring.web.json.Json> springfox.documentation.swagger2.web.Swagger2Controller.getDocumentation(java.lang.String,javax.servlet.http.HttpServletRequest)]
[INFO ] 15:57:36.877 [main] o.s.s.c.ThreadPoolTaskExecutor ---> Initializing ExecutorService 'applicationTaskExecutor'
[INFO ] 15:57:37.005 [main] s.d.s.w.p.DocumentationPluginsBootstrapper ---> Context refreshed
[INFO ] 15:57:37.017 [main] s.d.s.w.p.DocumentationPluginsBootstrapper ---> Found 1 custom documentation plugin(s)
[INFO ] 15:57:37.037 [main] s.d.s.w.s.ApiListingReferenceScanner ---> Scanning for api listing references
[INFO ] 15:57:37.117 [main] o.a.coyote.http11.Http11NioProtocol ---> Starting ProtocolHandler ["http-nio-8888"]
[INFO ] 15:57:37.123 [main] o.a.tomcat.util.net.NioSelectorPool ---> Using a shared selector for servlet write/read
[INFO ] 15:57:37.132 [main] o.s.b.w.e.tomcat.TomcatWebServer ---> Tomcat started on port(s): 8888 (http) with context path ''
[INFO ] 15:57:37.134 [main] c.spacemall.web.SpaceMallApplication ---> Started SpaceMallApplication in 2.276 seconds (JVM running for 2.883)
[INFO ] 15:57:41.977 [http-nio-8888-exec-1] o.a.c.c.C.[Tomcat].[localhost].[/] ---> Initializing Spring DispatcherServlet 'dispatcherServlet'
[INFO ] 15:57:41.977 [http-nio-8888-exec-1] o.s.web.servlet.DispatcherServlet ---> Initializing Servlet 'dispatcherServlet'
[INFO ] 15:57:41.985 [http-nio-8888-exec-1] o.s.web.servlet.DispatcherServlet ---> Completed initialization in 8 ms
[INFO ] 15:57:46.752 [http-nio-8888-exec-5] c.s.web.controller.UserController ---> UserController getUserInfo start:
[INFO ] 15:57:46.752 [http-nio-8888-exec-5] c.s.web.service.impl.UserServiceImpl ---> UserServiceImpl getUserInfo start:
[INFO ] 15:57:46.788 [http-nio-8888-exec-5] c.alibaba.druid.pool.DruidDataSource ---> {dataSource-1} inited
