[INFO ] 15:34:09.336 [main] c.spacemall.web.SpaceMallApplication ---> Starting SpaceMallApplication on LAPTOP-TAEJVG7D with PID 33224 (D:\reposity\aircas\spacemall\spacemall-web\target\classes started by gcl in D:\reposity\aircas\spacemall)
[INFO ] 15:34:09.341 [main] c.spacemall.web.SpaceMallApplication ---> No active profile set, falling back to default profiles: default
[INFO ] 15:34:10.221 [main] o.s.d.r.c.RepositoryConfigurationDelegate ---> Multiple Spring Data modules found, entering strict repository configuration mode!
[INFO ] 15:34:10.222 [main] o.s.d.r.c.RepositoryConfigurationDelegate ---> Bootstrapping Spring Data repositories in DEFAULT mode.
[INFO ] 15:34:10.247 [main] o.s.d.r.c.RepositoryConfigurationDelegate ---> Finished Spring Data repository scanning in 14ms. Found 0 repository interfaces.
[INFO ] 15:34:10.543 [main] o.s.c.s.PostProcessorRegistrationDelegate$BeanPostProcessorChecker ---> Bean 'org.springframework.transaction.annotation.ProxyTransactionManagementConfiguration' of type [org.springframework.transaction.annotation.ProxyTransactionManagementConfiguration$$EnhancerBySpringCGLIB$$6a273ed8] is not eligible for getting processed by all BeanPostProcessors (for example: not eligible for auto-proxying)
[INFO ] 15:34:10.795 [main] o.s.b.w.e.tomcat.TomcatWebServer ---> Tomcat initialized with port(s): 8888 (http)
[INFO ] 15:34:10.804 [main] o.a.coyote.http11.Http11NioProtocol ---> Initializing ProtocolHandler ["http-nio-8888"]
[INFO ] 15:34:10.808 [main] o.a.catalina.core.StandardService ---> Starting service [Tomcat]
[INFO ] 15:34:10.808 [main] o.a.catalina.core.StandardEngine ---> Starting Servlet Engine: Apache Tomcat/9.0.12
[INFO ] 15:34:10.813 [main] o.a.c.core.AprLifecycleListener ---> The APR based Apache Tomcat Native library which allows optimal performance in production environments was not found on the java.library.path: [D:\Java\jdk1.8.0_181\bin;C:\Windows\Sun\Java\bin;C:\Windows\system32;C:\Windows;C:\Program Files (x86)\Common Files\Oracle\Java\javapath;C:\Windows\system32;C:\Windows;C:\Windows\System32\Wbem;C:\Windows\System32\WindowsPowerShell\v1.0\;C:\Windows\System32\OpenSSH\;C:\Program Files (x86)\NVIDIA Corporation\PhysX\Common;C:\Program Files\NVIDIA Corporation\NVIDIA NvDLISR;D:\Java\jdk1.8.0_181\bin;D:\maven\apache-maven-3.5.2\bin;D:\mysql\mysql-5.7.22-winx64\bin;D:\git\Git\cmd;C:\Users\gcl\AppData\Local\Microsoft\WindowsApps;;.]
[INFO ] 15:34:10.891 [main] o.a.c.c.C.[Tomcat].[localhost].[/] ---> Initializing Spring embedded WebApplicationContext
[INFO ] 15:34:10.892 [main] o.s.web.context.ContextLoader ---> Root WebApplicationContext: initialization completed in 1412 ms
[INFO ] 15:34:10.912 [main] o.s.b.w.s.ServletRegistrationBean ---> Servlet dispatcherServlet mapped to [/]
[INFO ] 15:34:10.917 [main] o.s.b.w.s.FilterRegistrationBean ---> Mapping filter: 'characterEncodingFilter' to: [/*]
[INFO ] 15:34:11.700 [main] s.d.s.w.PropertySourcedRequestMappingHandlerMapping ---> Mapped URL path [/v2/api-docs] onto method [public org.springframework.http.ResponseEntity<springfox.documentation.spring.web.json.Json> springfox.documentation.swagger2.web.Swagger2Controller.getDocumentation(java.lang.String,javax.servlet.http.HttpServletRequest)]
[INFO ] 15:34:12.169 [main] s.d.s.w.p.DocumentationPluginsBootstrapper ---> Context refreshed
[INFO ] 15:34:12.184 [main] s.d.s.w.p.DocumentationPluginsBootstrapper ---> Found 1 custom documentation plugin(s)
[INFO ] 15:34:12.221 [main] s.d.s.w.s.ApiListingReferenceScanner ---> Scanning for api listing references
[INFO ] 15:34:12.386 [main] o.a.coyote.http11.Http11NioProtocol ---> Starting ProtocolHandler ["http-nio-8888"]
[INFO ] 15:34:12.392 [main] o.a.tomcat.util.net.NioSelectorPool ---> Using a shared selector for servlet write/read
[INFO ] 15:34:12.405 [main] o.s.b.w.e.tomcat.TomcatWebServer ---> Tomcat started on port(s): 8888 (http) with context path ''
[INFO ] 15:34:12.407 [main] c.spacemall.web.SpaceMallApplication ---> Started SpaceMallApplication in 3.468 seconds (JVM running for 5.037)
