[INFO ] 18:05:46.424 [main] c.spacemall.web.SpaceMallApplication ---> Starting SpaceMallApplication on LAPTOP-TAEJVG7D with PID 32200 (D:\reposity\aircas\spacemall\spacemall-web\target\classes started by gcl in D:\reposity\aircas\spacemall)
[INFO ] 18:05:46.427 [main] c.spacemall.web.SpaceMallApplication ---> No active profile set, falling back to default profiles: default
[INFO ] 18:05:47.560 [main] o.s.d.r.c.RepositoryConfigurationDelegate ---> Multiple Spring Data modules found, entering strict repository configuration mode!
[INFO ] 18:05:47.562 [main] o.s.d.r.c.RepositoryConfigurationDelegate ---> Bootstrapping Spring Data repositories in DEFAULT mode.
[INFO ] 18:05:47.590 [main] o.s.d.r.c.RepositoryConfigurationDelegate ---> Finished Spring Data repository scanning in 15ms. Found 0 repository interfaces.
[INFO ] 18:05:47.850 [main] o.s.c.s.PostProcessorRegistrationDelegate$BeanPostProcessorChecker ---> Bean 'org.springframework.transaction.annotation.ProxyTransactionManagementConfiguration' of type [org.springframework.transaction.annotation.ProxyTransactionManagementConfiguration$$EnhancerBySpringCGLIB$$3bfda551] is not eligible for getting processed by all BeanPostProcessors (for example: not eligible for auto-proxying)
[INFO ] 18:05:48.090 [main] o.s.b.w.e.tomcat.TomcatWebServer ---> Tomcat initialized with port(s): 8888 (http)
[INFO ] 18:05:48.100 [main] o.a.coyote.http11.Http11NioProtocol ---> Initializing ProtocolHandler ["http-nio-8888"]
[INFO ] 18:05:48.103 [main] o.a.catalina.core.StandardService ---> Starting service [Tomcat]
[INFO ] 18:05:48.103 [main] o.a.catalina.core.StandardEngine ---> Starting Servlet Engine: Apache Tomcat/9.0.12
[INFO ] 18:05:48.108 [main] o.a.c.core.AprLifecycleListener ---> The APR based Apache Tomcat Native library which allows optimal performance in production environments was not found on the java.library.path: [D:\Java\jdk1.8.0_181\bin;C:\Windows\Sun\Java\bin;C:\Windows\system32;C:\Windows;C:\Program Files (x86)\Common Files\Oracle\Java\javapath;C:\Windows\system32;C:\Windows;C:\Windows\System32\Wbem;C:\Windows\System32\WindowsPowerShell\v1.0\;C:\Windows\System32\OpenSSH\;C:\Program Files (x86)\NVIDIA Corporation\PhysX\Common;C:\Program Files\NVIDIA Corporation\NVIDIA NvDLISR;D:\Java\jdk1.8.0_181\bin;D:\maven\apache-maven-3.5.2\bin;D:\mysql\mysql-5.7.22-winx64\bin;D:\git\Git\cmd;C:\Users\gcl\AppData\Local\Microsoft\WindowsApps;;.]
[INFO ] 18:05:48.177 [main] o.a.c.c.C.[Tomcat].[localhost].[/] ---> Initializing Spring embedded WebApplicationContext
[INFO ] 18:05:48.178 [main] o.s.web.context.ContextLoader ---> Root WebApplicationContext: initialization completed in 1680 ms
[INFO ] 18:05:48.196 [main] o.s.b.w.s.ServletRegistrationBean ---> Servlet dispatcherServlet mapped to [/]
[INFO ] 18:05:48.199 [main] o.s.b.w.s.FilterRegistrationBean ---> Mapping filter: 'characterEncodingFilter' to: [/*]
[WARN ] 18:05:48.403 [main] o.s.b.w.s.c.AnnotationConfigServletWebServerApplicationContext ---> Exception encountered during context initialization - cancelling refresh attempt: org.springframework.beans.factory.UnsatisfiedDependencyException: Error creating bean with name 'shoppingCartController': Unsatisfied dependency expressed through field 'shoppingCartService'; nested exception is org.springframework.beans.factory.BeanCreationException: Error creating bean with name 'shoppingCartImpl': Injection of resource dependencies failed; nested exception is org.springframework.beans.factory.NoSuchBeanDefinitionException: No qualifying bean of type 'com.spacemall.core.cache.RedisUtil' available: expected at least 1 bean which qualifies as autowire candidate. Dependency annotations: {@javax.annotation.Resource(shareable=true, lookup=, name=, description=, authenticationType=CONTAINER, type=class java.lang.Object, mappedName=)}
[INFO ] 18:05:48.414 [main] o.a.catalina.core.StandardService ---> Stopping service [Tomcat]
[INFO ] 18:05:48.431 [main] o.s.b.a.l.ConditionEvaluationReportLoggingListener ---> 

Error starting ApplicationContext. To display the conditions report re-run your application with 'debug' enabled.
[ERROR] 18:05:48.516 [main] o.s.b.d.LoggingFailureAnalysisReporter ---> 

***************************
APPLICATION FAILED TO START
***************************

Description:

Field shoppingCartService in com.spacemall.web.controller.userController.ShoppingCartController required a bean of type 'com.spacemall.core.cache.RedisUtil' that could not be found.

The injection point has the following annotations:
	- @org.springframework.beans.factory.annotation.Autowired(required=true)


Action:

Consider defining a bean of type 'com.spacemall.core.cache.RedisUtil' in your configuration.

[INFO ] 18:21:44.590 [main] c.spacemall.web.SpaceMallApplication ---> Starting SpaceMallApplication on LAPTOP-TAEJVG7D with PID 12992 (D:\reposity\aircas\spacemall\spacemall-web\target\classes started by gcl in D:\reposity\aircas\spacemall)
[INFO ] 18:21:44.593 [main] c.spacemall.web.SpaceMallApplication ---> No active profile set, falling back to default profiles: default
[INFO ] 18:21:45.459 [main] o.s.d.r.c.RepositoryConfigurationDelegate ---> Multiple Spring Data modules found, entering strict repository configuration mode!
[INFO ] 18:21:45.461 [main] o.s.d.r.c.RepositoryConfigurationDelegate ---> Bootstrapping Spring Data repositories in DEFAULT mode.
[INFO ] 18:21:45.481 [main] o.s.d.r.c.RepositoryConfigurationDelegate ---> Finished Spring Data repository scanning in 12ms. Found 0 repository interfaces.
[INFO ] 18:21:45.716 [main] o.s.c.s.PostProcessorRegistrationDelegate$BeanPostProcessorChecker ---> Bean 'org.springframework.transaction.annotation.ProxyTransactionManagementConfiguration' of type [org.springframework.transaction.annotation.ProxyTransactionManagementConfiguration$$EnhancerBySpringCGLIB$$fb660095] is not eligible for getting processed by all BeanPostProcessors (for example: not eligible for auto-proxying)
[INFO ] 18:21:45.936 [main] o.s.b.w.e.tomcat.TomcatWebServer ---> Tomcat initialized with port(s): 8888 (http)
[INFO ] 18:21:45.945 [main] o.a.coyote.http11.Http11NioProtocol ---> Initializing ProtocolHandler ["http-nio-8888"]
[INFO ] 18:21:45.948 [main] o.a.catalina.core.StandardService ---> Starting service [Tomcat]
[INFO ] 18:21:45.948 [main] o.a.catalina.core.StandardEngine ---> Starting Servlet Engine: Apache Tomcat/9.0.12
[INFO ] 18:21:45.953 [main] o.a.c.core.AprLifecycleListener ---> The APR based Apache Tomcat Native library which allows optimal performance in production environments was not found on the java.library.path: [D:\Java\jdk1.8.0_181\bin;C:\Windows\Sun\Java\bin;C:\Windows\system32;C:\Windows;C:\Program Files (x86)\Common Files\Oracle\Java\javapath;C:\Windows\system32;C:\Windows;C:\Windows\System32\Wbem;C:\Windows\System32\WindowsPowerShell\v1.0\;C:\Windows\System32\OpenSSH\;C:\Program Files (x86)\NVIDIA Corporation\PhysX\Common;C:\Program Files\NVIDIA Corporation\NVIDIA NvDLISR;D:\Java\jdk1.8.0_181\bin;D:\maven\apache-maven-3.5.2\bin;D:\mysql\mysql-5.7.22-winx64\bin;D:\git\Git\cmd;C:\Users\gcl\AppData\Local\Microsoft\WindowsApps;;.]
[INFO ] 18:21:46.019 [main] o.a.c.c.C.[Tomcat].[localhost].[/] ---> Initializing Spring embedded WebApplicationContext
[INFO ] 18:21:46.019 [main] o.s.web.context.ContextLoader ---> Root WebApplicationContext: initialization completed in 1373 ms
[INFO ] 18:21:46.036 [main] o.s.b.w.s.ServletRegistrationBean ---> Servlet dispatcherServlet mapped to [/]
[INFO ] 18:21:46.040 [main] o.s.b.w.s.FilterRegistrationBean ---> Mapping filter: 'characterEncodingFilter' to: [/*]
[INFO ] 18:21:46.740 [main] s.d.s.w.PropertySourcedRequestMappingHandlerMapping ---> Mapped URL path [/v2/api-docs] onto method [public org.springframework.http.ResponseEntity<springfox.documentation.spring.web.json.Json> springfox.documentation.swagger2.web.Swagger2Controller.getDocumentation(java.lang.String,javax.servlet.http.HttpServletRequest)]
[INFO ] 18:21:47.134 [main] s.d.s.w.p.DocumentationPluginsBootstrapper ---> Context refreshed
[INFO ] 18:21:47.147 [main] s.d.s.w.p.DocumentationPluginsBootstrapper ---> Found 1 custom documentation plugin(s)
[INFO ] 18:21:47.181 [main] s.d.s.w.s.ApiListingReferenceScanner ---> Scanning for api listing references
[INFO ] 18:21:47.311 [main] o.a.coyote.http11.Http11NioProtocol ---> Starting ProtocolHandler ["http-nio-8888"]
[INFO ] 18:21:47.317 [main] o.a.tomcat.util.net.NioSelectorPool ---> Using a shared selector for servlet write/read
[INFO ] 18:21:47.328 [main] o.s.b.w.e.tomcat.TomcatWebServer ---> Tomcat started on port(s): 8888 (http) with context path ''
[INFO ] 18:21:47.331 [main] c.spacemall.web.SpaceMallApplication ---> Started SpaceMallApplication in 3.091 seconds (JVM running for 3.72)
[INFO ] 18:22:18.438 [http-nio-8888-exec-1] o.a.c.c.C.[Tomcat].[localhost].[/] ---> Initializing Spring DispatcherServlet 'dispatcherServlet'
[INFO ] 18:22:18.439 [http-nio-8888-exec-1] o.s.web.servlet.DispatcherServlet ---> Initializing Servlet 'dispatcherServlet'
[INFO ] 18:22:18.445 [http-nio-8888-exec-1] o.s.web.servlet.DispatcherServlet ---> Completed initialization in 6 ms
[INFO ] 18:41:23.814 [http-nio-8888-exec-8] c.s.w.c.u.ShoppingCartController ---> ShoppingCartController addProductToShopCart start: reqShopCartDto:{"id":"123456","userName":"test","shoppingCartEntities":[{"productId":"888","productName":"test","prodResolution":"1Min","prodLevel":"2","prodScore":3,"prodCreateTime":"2020-07-05 18:40:13","description":"test"}]}
[INFO ] 18:41:23.814 [http-nio-8888-exec-8] c.s.w.s.u.impl.ShoppingCartImpl ---> ShoppingCatImpl addProductToShopCat start: reqShopCatDto:ReqShopCartDto(id=123456, userName=test, shoppingCartEntities=[ShoppingCartEntity(productId=888, productName=test, prodResolution=1Min, prodLevel=2, prodScore=3, prodCreateTime=Sun Jul 05 18:40:13 CST 2020, description=test)])
[INFO ] 18:41:23.883 [http-nio-8888-exec-8] io.lettuce.core.EpollProvider ---> Starting without optional epoll library
[INFO ] 18:41:23.884 [http-nio-8888-exec-8] io.lettuce.core.KqueueProvider ---> Starting without optional kqueue library
[INFO ] 18:45:26.019 [http-nio-8888-exec-10] c.s.w.c.u.ShoppingCartController ---> ShoppingCartController getProductFromShopCart start: userId:123456,userName:test
[INFO ] 18:45:26.019 [http-nio-8888-exec-10] c.s.w.s.u.impl.ShoppingCartImpl ---> ShoppingCatImpl getProductFromShopCat start: userId:123456,userName:test
[INFO ] 19:37:16.545 [main] c.spacemall.web.SpaceMallApplication ---> Starting SpaceMallApplication on LAPTOP-TAEJVG7D with PID 23964 (D:\reposity\aircas\spacemall\spacemall-web\target\classes started by gcl in D:\reposity\aircas\spacemall)
[INFO ] 19:37:16.547 [main] c.spacemall.web.SpaceMallApplication ---> No active profile set, falling back to default profiles: default
[INFO ] 19:37:17.295 [main] o.s.d.r.c.RepositoryConfigurationDelegate ---> Multiple Spring Data modules found, entering strict repository configuration mode!
[INFO ] 19:37:17.296 [main] o.s.d.r.c.RepositoryConfigurationDelegate ---> Bootstrapping Spring Data repositories in DEFAULT mode.
[INFO ] 19:37:17.318 [main] o.s.d.r.c.RepositoryConfigurationDelegate ---> Finished Spring Data repository scanning in 13ms. Found 0 repository interfaces.
[INFO ] 19:37:17.560 [main] o.s.c.s.PostProcessorRegistrationDelegate$BeanPostProcessorChecker ---> Bean 'org.springframework.transaction.annotation.ProxyTransactionManagementConfiguration' of type [org.springframework.transaction.annotation.ProxyTransactionManagementConfiguration$$EnhancerBySpringCGLIB$$c4298f42] is not eligible for getting processed by all BeanPostProcessors (for example: not eligible for auto-proxying)
[INFO ] 19:37:17.777 [main] o.s.b.w.e.tomcat.TomcatWebServer ---> Tomcat initialized with port(s): 8888 (http)
[INFO ] 19:37:17.786 [main] o.a.coyote.http11.Http11NioProtocol ---> Initializing ProtocolHandler ["http-nio-8888"]
[INFO ] 19:37:17.789 [main] o.a.catalina.core.StandardService ---> Starting service [Tomcat]
[INFO ] 19:37:17.789 [main] o.a.catalina.core.StandardEngine ---> Starting Servlet Engine: Apache Tomcat/9.0.12
[INFO ] 19:37:17.794 [main] o.a.c.core.AprLifecycleListener ---> The APR based Apache Tomcat Native library which allows optimal performance in production environments was not found on the java.library.path: [D:\Java\jdk1.8.0_181\bin;C:\Windows\Sun\Java\bin;C:\Windows\system32;C:\Windows;C:\Program Files (x86)\Common Files\Oracle\Java\javapath;C:\Windows\system32;C:\Windows;C:\Windows\System32\Wbem;C:\Windows\System32\WindowsPowerShell\v1.0\;C:\Windows\System32\OpenSSH\;C:\Program Files (x86)\NVIDIA Corporation\PhysX\Common;C:\Program Files\NVIDIA Corporation\NVIDIA NvDLISR;D:\Java\jdk1.8.0_181\bin;D:\maven\apache-maven-3.5.2\bin;D:\mysql\mysql-5.7.22-winx64\bin;D:\git\Git\cmd;C:\Users\gcl\AppData\Local\Microsoft\WindowsApps;;.]
[INFO ] 19:37:17.857 [main] o.a.c.c.C.[Tomcat].[localhost].[/] ---> Initializing Spring embedded WebApplicationContext
[INFO ] 19:37:17.857 [main] o.s.web.context.ContextLoader ---> Root WebApplicationContext: initialization completed in 1248 ms
[INFO ] 19:37:17.874 [main] o.s.b.w.s.ServletRegistrationBean ---> Servlet dispatcherServlet mapped to [/]
[INFO ] 19:37:17.877 [main] o.s.b.w.s.FilterRegistrationBean ---> Mapping filter: 'characterEncodingFilter' to: [/*]
[INFO ] 19:37:18.457 [main] s.d.s.w.PropertySourcedRequestMappingHandlerMapping ---> Mapped URL path [/v2/api-docs] onto method [public org.springframework.http.ResponseEntity<springfox.documentation.spring.web.json.Json> springfox.documentation.swagger2.web.Swagger2Controller.getDocumentation(java.lang.String,javax.servlet.http.HttpServletRequest)]
[INFO ] 19:37:18.868 [main] s.d.s.w.p.DocumentationPluginsBootstrapper ---> Context refreshed
[INFO ] 19:37:18.881 [main] s.d.s.w.p.DocumentationPluginsBootstrapper ---> Found 1 custom documentation plugin(s)
[INFO ] 19:37:18.919 [main] s.d.s.w.s.ApiListingReferenceScanner ---> Scanning for api listing references
[INFO ] 19:37:19.064 [main] o.a.coyote.http11.Http11NioProtocol ---> Starting ProtocolHandler ["http-nio-8888"]
[INFO ] 19:37:19.072 [main] o.a.tomcat.util.net.NioSelectorPool ---> Using a shared selector for servlet write/read
[INFO ] 19:37:19.084 [main] o.s.b.w.e.tomcat.TomcatWebServer ---> Tomcat started on port(s): 8888 (http) with context path ''
[INFO ] 19:37:19.087 [main] c.spacemall.web.SpaceMallApplication ---> Started SpaceMallApplication in 2.893 seconds (JVM running for 3.545)
[INFO ] 19:37:37.402 [http-nio-8888-exec-1] o.a.c.c.C.[Tomcat].[localhost].[/] ---> Initializing Spring DispatcherServlet 'dispatcherServlet'
[INFO ] 19:37:37.402 [http-nio-8888-exec-1] o.s.web.servlet.DispatcherServlet ---> Initializing Servlet 'dispatcherServlet'
[INFO ] 19:37:37.407 [http-nio-8888-exec-1] o.s.web.servlet.DispatcherServlet ---> Completed initialization in 5 ms
[INFO ] 19:38:02.771 [http-nio-8888-exec-9] c.s.w.c.u.ShoppingCartController ---> ShoppingCartController addProductToShopCart start: reqShopCartDto:{"id":"123456","userName":"test","shoppingCartEntities":[{"productId":"999","productName":"test","prodResolution":"1Min","prodLevel":"2","prodScore":3,"prodCreateTime":"2020-07-05 18:40:13","description":"test"}]}
[INFO ] 19:38:02.772 [http-nio-8888-exec-9] c.s.w.s.u.impl.ShoppingCartImpl ---> ShoppingCatImpl addProductToShopCat start: reqShopCatDto:ReqShopCartDto(id=123456, userName=test, shoppingCartEntities=[ShoppingCartEntity(productId=999, productName=test, prodResolution=1Min, prodLevel=2, prodScore=3, prodCreateTime=Sun Jul 05 18:40:13 CST 2020, description=test)])
[INFO ] 19:38:02.835 [http-nio-8888-exec-9] io.lettuce.core.EpollProvider ---> Starting without optional epoll library
[INFO ] 19:38:02.836 [http-nio-8888-exec-9] io.lettuce.core.KqueueProvider ---> Starting without optional kqueue library
[INFO ] 19:38:43.553 [http-nio-8888-exec-1] c.s.w.c.u.ShoppingCartController ---> ShoppingCartController getProductFromShopCart start: userId:123456,userName:test
[INFO ] 19:38:43.553 [http-nio-8888-exec-1] c.s.w.s.u.impl.ShoppingCartImpl ---> ShoppingCatImpl getProductFromShopCat start: userId:123456,userName:test
[INFO ] 19:43:49.181 [main] c.spacemall.web.SpaceMallApplication ---> Starting SpaceMallApplication on LAPTOP-TAEJVG7D with PID 6092 (D:\reposity\aircas\spacemall\spacemall-web\target\classes started by gcl in D:\reposity\aircas\spacemall)
[INFO ] 19:43:49.184 [main] c.spacemall.web.SpaceMallApplication ---> No active profile set, falling back to default profiles: default
[INFO ] 19:43:50.018 [main] o.s.d.r.c.RepositoryConfigurationDelegate ---> Multiple Spring Data modules found, entering strict repository configuration mode!
[INFO ] 19:43:50.020 [main] o.s.d.r.c.RepositoryConfigurationDelegate ---> Bootstrapping Spring Data repositories in DEFAULT mode.
[INFO ] 19:43:50.042 [main] o.s.d.r.c.RepositoryConfigurationDelegate ---> Finished Spring Data repository scanning in 13ms. Found 0 repository interfaces.
[INFO ] 19:43:50.289 [main] o.s.c.s.PostProcessorRegistrationDelegate$BeanPostProcessorChecker ---> Bean 'org.springframework.transaction.annotation.ProxyTransactionManagementConfiguration' of type [org.springframework.transaction.annotation.ProxyTransactionManagementConfiguration$$EnhancerBySpringCGLIB$$1f342689] is not eligible for getting processed by all BeanPostProcessors (for example: not eligible for auto-proxying)
[INFO ] 19:43:50.513 [main] o.s.b.w.e.tomcat.TomcatWebServer ---> Tomcat initialized with port(s): 8888 (http)
[INFO ] 19:43:50.521 [main] o.a.coyote.http11.Http11NioProtocol ---> Initializing ProtocolHandler ["http-nio-8888"]
[INFO ] 19:43:50.525 [main] o.a.catalina.core.StandardService ---> Starting service [Tomcat]
[INFO ] 19:43:50.525 [main] o.a.catalina.core.StandardEngine ---> Starting Servlet Engine: Apache Tomcat/9.0.12
[INFO ] 19:43:50.529 [main] o.a.c.core.AprLifecycleListener ---> The APR based Apache Tomcat Native library which allows optimal performance in production environments was not found on the java.library.path: [D:\Java\jdk1.8.0_181\bin;C:\Windows\Sun\Java\bin;C:\Windows\system32;C:\Windows;C:\Program Files (x86)\Common Files\Oracle\Java\javapath;C:\Windows\system32;C:\Windows;C:\Windows\System32\Wbem;C:\Windows\System32\WindowsPowerShell\v1.0\;C:\Windows\System32\OpenSSH\;C:\Program Files (x86)\NVIDIA Corporation\PhysX\Common;C:\Program Files\NVIDIA Corporation\NVIDIA NvDLISR;D:\Java\jdk1.8.0_181\bin;D:\maven\apache-maven-3.5.2\bin;D:\mysql\mysql-5.7.22-winx64\bin;D:\git\Git\cmd;C:\Users\gcl\AppData\Local\Microsoft\WindowsApps;;.]
[INFO ] 19:43:50.594 [main] o.a.c.c.C.[Tomcat].[localhost].[/] ---> Initializing Spring embedded WebApplicationContext
[INFO ] 19:43:50.595 [main] o.s.web.context.ContextLoader ---> Root WebApplicationContext: initialization completed in 1353 ms
[INFO ] 19:43:50.612 [main] o.s.b.w.s.ServletRegistrationBean ---> Servlet dispatcherServlet mapped to [/]
[INFO ] 19:43:50.615 [main] o.s.b.w.s.FilterRegistrationBean ---> Mapping filter: 'characterEncodingFilter' to: [/*]
[INFO ] 19:43:51.257 [main] s.d.s.w.PropertySourcedRequestMappingHandlerMapping ---> Mapped URL path [/v2/api-docs] onto method [public org.springframework.http.ResponseEntity<springfox.documentation.spring.web.json.Json> springfox.documentation.swagger2.web.Swagger2Controller.getDocumentation(java.lang.String,javax.servlet.http.HttpServletRequest)]
[INFO ] 19:43:51.645 [main] s.d.s.w.p.DocumentationPluginsBootstrapper ---> Context refreshed
[INFO ] 19:43:51.657 [main] s.d.s.w.p.DocumentationPluginsBootstrapper ---> Found 1 custom documentation plugin(s)
[INFO ] 19:43:51.689 [main] s.d.s.w.s.ApiListingReferenceScanner ---> Scanning for api listing references
[INFO ] 19:43:51.817 [main] o.a.coyote.http11.Http11NioProtocol ---> Starting ProtocolHandler ["http-nio-8888"]
[INFO ] 19:43:51.823 [main] o.a.tomcat.util.net.NioSelectorPool ---> Using a shared selector for servlet write/read
[INFO ] 19:43:51.834 [main] o.s.b.w.e.tomcat.TomcatWebServer ---> Tomcat started on port(s): 8888 (http) with context path ''
[INFO ] 19:43:51.836 [main] c.spacemall.web.SpaceMallApplication ---> Started SpaceMallApplication in 3.038 seconds (JVM running for 3.715)
[INFO ] 19:44:05.019 [http-nio-8888-exec-1] o.a.c.c.C.[Tomcat].[localhost].[/] ---> Initializing Spring DispatcherServlet 'dispatcherServlet'
[INFO ] 19:44:05.019 [http-nio-8888-exec-1] o.s.web.servlet.DispatcherServlet ---> Initializing Servlet 'dispatcherServlet'
[INFO ] 19:44:05.024 [http-nio-8888-exec-1] o.s.web.servlet.DispatcherServlet ---> Completed initialization in 5 ms
[INFO ] 19:44:13.012 [http-nio-8888-exec-9] c.s.w.c.u.ShoppingCartController ---> ShoppingCartController deleteProductFromShopCart start: ReqShopCartDto:ReqShopCartDto(id=123456, userName=test, shoppingCartEntities=[ShoppingCartEntity(productId=999, productName=test, prodResolution=1Min, prodLevel=2, prodScore=3, prodCreateTime=Sun Jul 05 18:40:13 CST 2020, description=test)])
[INFO ] 19:44:13.012 [http-nio-8888-exec-9] c.s.w.s.u.impl.ShoppingCartImpl ---> ShoppingCatImpl deleteProductFromShopCart start: reqShopCartDto:ReqShopCartDto(id=123456, userName=test, shoppingCartEntities=[ShoppingCartEntity(productId=999, productName=test, prodResolution=1Min, prodLevel=2, prodScore=3, prodCreateTime=Sun Jul 05 18:40:13 CST 2020, description=test)])
[INFO ] 19:44:13.076 [http-nio-8888-exec-9] io.lettuce.core.EpollProvider ---> Starting without optional epoll library
[INFO ] 19:44:13.077 [http-nio-8888-exec-9] io.lettuce.core.KqueueProvider ---> Starting without optional kqueue library
[INFO ] 19:47:18.284 [http-nio-8888-exec-3] c.s.w.c.u.ShoppingCartController ---> ShoppingCartController getProductFromShopCart start: userId:123456,userName:test
[INFO ] 19:47:18.284 [http-nio-8888-exec-3] c.s.w.s.u.impl.ShoppingCartImpl ---> ShoppingCatImpl getProductFromShopCat start: userId:123456,userName:test
[INFO ] 19:48:06.762 [http-nio-8888-exec-2] c.s.w.c.u.ShoppingCartController ---> ShoppingCartController addProductToShopCart start: reqShopCartDto:{"id":"123456","userName":"test","shoppingCartEntities":[{"productId":"9999","productName":"test","prodResolution":"1Min","prodLevel":"2","prodScore":3,"prodCreateTime":"2020-07-05 18:40:13","description":"test"}]}
[INFO ] 19:48:06.762 [http-nio-8888-exec-2] c.s.w.s.u.impl.ShoppingCartImpl ---> ShoppingCatImpl addProductToShopCat start: reqShopCatDto:ReqShopCartDto(id=123456, userName=test, shoppingCartEntities=[ShoppingCartEntity(productId=9999, productName=test, prodResolution=1Min, prodLevel=2, prodScore=3, prodCreateTime=Sun Jul 05 18:40:13 CST 2020, description=test)])
[INFO ] 19:48:12.045 [http-nio-8888-exec-5] c.s.w.c.u.ShoppingCartController ---> ShoppingCartController getProductFromShopCart start: userId:123456,userName:test
[INFO ] 19:48:12.045 [http-nio-8888-exec-5] c.s.w.s.u.impl.ShoppingCartImpl ---> ShoppingCatImpl getProductFromShopCat start: userId:123456,userName:test
[INFO ] 19:48:31.856 [http-nio-8888-exec-4] c.s.w.c.u.ShoppingCartController ---> ShoppingCartController addProductToShopCart start: reqShopCartDto:{"id":"123456","userName":"test","shoppingCartEntities":[{"productId":"9999","productName":"test","prodResolution":"1Min","prodLevel":"2","prodScore":3,"prodCreateTime":"2020-07-05 18:40:13","description":"test"}]}
[INFO ] 19:48:31.856 [http-nio-8888-exec-4] c.s.w.s.u.impl.ShoppingCartImpl ---> ShoppingCatImpl addProductToShopCat start: reqShopCatDto:ReqShopCartDto(id=123456, userName=test, shoppingCartEntities=[ShoppingCartEntity(productId=9999, productName=test, prodResolution=1Min, prodLevel=2, prodScore=3, prodCreateTime=Sun Jul 05 18:40:13 CST 2020, description=test)])
[INFO ] 19:49:39.606 [http-nio-8888-exec-8] c.s.w.c.u.ShoppingCartController ---> ShoppingCartController addProductToShopCart start: reqShopCartDto:{"id":"2425","userName":"test","shoppingCartEntities":[{"productId":"9999","productName":"test","prodResolution":"1Min","prodLevel":"2","prodScore":3,"prodCreateTime":"2020-07-05 18:40:13","description":"test"}]}
[INFO ] 19:49:39.606 [http-nio-8888-exec-8] c.s.w.s.u.impl.ShoppingCartImpl ---> ShoppingCatImpl addProductToShopCat start: reqShopCatDto:ReqShopCartDto(id=2425, userName=test, shoppingCartEntities=[ShoppingCartEntity(productId=9999, productName=test, prodResolution=1Min, prodLevel=2, prodScore=3, prodCreateTime=Sun Jul 05 18:40:13 CST 2020, description=test)])
[INFO ] 19:49:55.375 [http-nio-8888-exec-6] c.s.w.c.u.ShoppingCartController ---> ShoppingCartController getProductFromShopCart start: userId:2425,userName:test
[INFO ] 19:49:55.375 [http-nio-8888-exec-6] c.s.w.s.u.impl.ShoppingCartImpl ---> ShoppingCatImpl getProductFromShopCat start: userId:2425,userName:test
[ERROR] 19:49:55.410 [http-nio-8888-exec-6] c.s.w.c.u.ShoppingCartController ---> ShoppingCartController getProductFromShopCart error:
java.lang.ClassCastException: java.lang.String cannot be cast to com.spacemall.model.entity.userEntity.ShoppingCartEntity
	at ShoppingCartImpl.lambda$getProductFromShopCart$1(ShoppingCartImpl.java:85)
	at java.util.stream.ReferencePipeline$3$1.accept(ReferencePipeline.java:193)
	at java.util.ArrayList$ArrayListSpliterator.forEachRemaining(ArrayList.java:1382)
	at java.util.stream.AbstractPipeline.copyInto(AbstractPipeline.java:481)
	at java.util.stream.AbstractPipeline.wrapAndCopyInto(AbstractPipeline.java:471)
	at java.util.stream.ReduceOps$ReduceOp.evaluateSequential(ReduceOps.java:708)
	at java.util.stream.AbstractPipeline.evaluate(AbstractPipeline.java:234)
	at java.util.stream.ReferencePipeline.collect(ReferencePipeline.java:499)
	at ShoppingCartImpl.getProductFromShopCart(ShoppingCartImpl.java:87)
	at com.spacemall.web.controller.userController.ShoppingCartController.getProductFromShopCart(ShoppingCartController.java:51)
	at sun.reflect.NativeMethodAccessorImpl.invoke0(Native Method)
	at sun.reflect.NativeMethodAccessorImpl.invoke(NativeMethodAccessorImpl.java:62)
	at sun.reflect.DelegatingMethodAccessorImpl.invoke(DelegatingMethodAccessorImpl.java:43)
	at java.lang.reflect.Method.invoke(Method.java:498)
	at org.springframework.web.method.support.InvocableHandlerMethod.doInvoke(InvocableHandlerMethod.java:215)
	at org.springframework.web.method.support.InvocableHandlerMethod.invokeForRequest(InvocableHandlerMethod.java:142)
	at org.springframework.web.servlet.mvc.method.annotation.ServletInvocableHandlerMethod.invokeAndHandle(ServletInvocableHandlerMethod.java:102)
	at org.springframework.web.servlet.mvc.method.annotation.RequestMappingHandlerAdapter.invokeHandlerMethod(RequestMappingHandlerAdapter.java:895)
	at org.springframework.web.servlet.mvc.method.annotation.RequestMappingHandlerAdapter.handleInternal(RequestMappingHandlerAdapter.java:800)
	at org.springframework.web.servlet.mvc.method.AbstractHandlerMethodAdapter.handle(AbstractHandlerMethodAdapter.java:87)
	at org.springframework.web.servlet.DispatcherServlet.doDispatch(DispatcherServlet.java:1038)
	at org.springframework.web.servlet.DispatcherServlet.doService(DispatcherServlet.java:942)
	at org.springframework.web.servlet.FrameworkServlet.processRequest(FrameworkServlet.java:998)
	at org.springframework.web.servlet.FrameworkServlet.doGet(FrameworkServlet.java:890)
	at javax.servlet.http.HttpServlet.service(HttpServlet.java:634)
	at org.springframework.web.servlet.FrameworkServlet.service(FrameworkServlet.java:875)
	at javax.servlet.http.HttpServlet.service(HttpServlet.java:741)
	at org.apache.catalina.core.ApplicationFilterChain.internalDoFilter(ApplicationFilterChain.java:231)
	at org.apache.catalina.core.ApplicationFilterChain.doFilter(ApplicationFilterChain.java:166)
	at org.apache.tomcat.websocket.server.WsFilter.doFilter(WsFilter.java:53)
	at org.apache.catalina.core.ApplicationFilterChain.internalDoFilter(ApplicationFilterChain.java:193)
	at org.apache.catalina.core.ApplicationFilterChain.doFilter(ApplicationFilterChain.java:166)
	at org.springframework.web.filter.CharacterEncodingFilter.doFilterInternal(CharacterEncodingFilter.java:200)
	at org.springframework.web.filter.OncePerRequestFilter.doFilter(OncePerRequestFilter.java:107)
	at org.apache.catalina.core.ApplicationFilterChain.internalDoFilter(ApplicationFilterChain.java:193)
	at org.apache.catalina.core.ApplicationFilterChain.doFilter(ApplicationFilterChain.java:166)
	at org.apache.catalina.core.StandardWrapperValve.invoke(StandardWrapperValve.java:199)
	at org.apache.catalina.core.StandardContextValve.invoke(StandardContextValve.java:96)
	at org.apache.catalina.authenticator.AuthenticatorBase.invoke(AuthenticatorBase.java:490)
	at org.apache.catalina.core.StandardHostValve.invoke(StandardHostValve.java:139)
	at org.apache.catalina.valves.ErrorReportValve.invoke(ErrorReportValve.java:92)
	at org.apache.catalina.core.StandardEngineValve.invoke(StandardEngineValve.java:74)
	at org.apache.catalina.connector.CoyoteAdapter.service(CoyoteAdapter.java:343)
	at org.apache.coyote.http11.Http11Processor.service(Http11Processor.java:408)
	at org.apache.coyote.AbstractProcessorLight.process(AbstractProcessorLight.java:66)
	at org.apache.coyote.AbstractProtocol$ConnectionHandler.process(AbstractProtocol.java:770)
	at org.apache.tomcat.util.net.NioEndpoint$SocketProcessor.doRun(NioEndpoint.java:1415)
	at org.apache.tomcat.util.net.SocketProcessorBase.run(SocketProcessorBase.java:49)
	at java.util.concurrent.ThreadPoolExecutor.runWorker(ThreadPoolExecutor.java:1149)
	at java.util.concurrent.ThreadPoolExecutor$Worker.run(ThreadPoolExecutor.java:624)
	at org.apache.tomcat.util.threads.TaskThread$WrappingRunnable.run(TaskThread.java:61)
	at java.lang.Thread.run(Thread.java:748)
[INFO ] 19:51:58.100 [http-nio-8888-exec-10] c.s.w.c.u.ShoppingCartController ---> ShoppingCartController getProductFromShopCart start: userId:123456,userName:test
[INFO ] 19:51:58.100 [http-nio-8888-exec-10] c.s.w.s.u.impl.ShoppingCartImpl ---> ShoppingCatImpl getProductFromShopCat start: userId:123456,userName:test
[INFO ] 19:53:03.358 [http-nio-8888-exec-3] c.s.w.c.u.ShoppingCartController ---> ShoppingCartController getProductFromShopCart start: userId:2425,userName:test
[INFO ] 19:53:03.358 [http-nio-8888-exec-3] c.s.w.s.u.impl.ShoppingCartImpl ---> ShoppingCatImpl getProductFromShopCat start: userId:2425,userName:test
[ERROR] 19:53:03.360 [http-nio-8888-exec-3] c.s.w.c.u.ShoppingCartController ---> ShoppingCartController getProductFromShopCart error:
java.lang.ClassCastException: java.lang.String cannot be cast to com.spacemall.model.entity.userEntity.ShoppingCartEntity
	at ShoppingCartImpl.lambda$getProductFromShopCart$1(ShoppingCartImpl.java:85)
	at java.util.stream.ReferencePipeline$3$1.accept(ReferencePipeline.java:193)
	at java.util.ArrayList$ArrayListSpliterator.forEachRemaining(ArrayList.java:1382)
	at java.util.stream.AbstractPipeline.copyInto(AbstractPipeline.java:481)
	at java.util.stream.AbstractPipeline.wrapAndCopyInto(AbstractPipeline.java:471)
	at java.util.stream.ReduceOps$ReduceOp.evaluateSequential(ReduceOps.java:708)
	at java.util.stream.AbstractPipeline.evaluate(AbstractPipeline.java:234)
	at java.util.stream.ReferencePipeline.collect(ReferencePipeline.java:499)
	at ShoppingCartImpl.getProductFromShopCart(ShoppingCartImpl.java:87)
	at com.spacemall.web.controller.userController.ShoppingCartController.getProductFromShopCart(ShoppingCartController.java:51)
	at sun.reflect.NativeMethodAccessorImpl.invoke0(Native Method)
	at sun.reflect.NativeMethodAccessorImpl.invoke(NativeMethodAccessorImpl.java:62)
	at sun.reflect.DelegatingMethodAccessorImpl.invoke(DelegatingMethodAccessorImpl.java:43)
	at java.lang.reflect.Method.invoke(Method.java:498)
	at org.springframework.web.method.support.InvocableHandlerMethod.doInvoke(InvocableHandlerMethod.java:215)
	at org.springframework.web.method.support.InvocableHandlerMethod.invokeForRequest(InvocableHandlerMethod.java:142)
	at org.springframework.web.servlet.mvc.method.annotation.ServletInvocableHandlerMethod.invokeAndHandle(ServletInvocableHandlerMethod.java:102)
	at org.springframework.web.servlet.mvc.method.annotation.RequestMappingHandlerAdapter.invokeHandlerMethod(RequestMappingHandlerAdapter.java:895)
	at org.springframework.web.servlet.mvc.method.annotation.RequestMappingHandlerAdapter.handleInternal(RequestMappingHandlerAdapter.java:800)
	at org.springframework.web.servlet.mvc.method.AbstractHandlerMethodAdapter.handle(AbstractHandlerMethodAdapter.java:87)
	at org.springframework.web.servlet.DispatcherServlet.doDispatch(DispatcherServlet.java:1038)
	at org.springframework.web.servlet.DispatcherServlet.doService(DispatcherServlet.java:942)
	at org.springframework.web.servlet.FrameworkServlet.processRequest(FrameworkServlet.java:998)
	at org.springframework.web.servlet.FrameworkServlet.doGet(FrameworkServlet.java:890)
	at javax.servlet.http.HttpServlet.service(HttpServlet.java:634)
	at org.springframework.web.servlet.FrameworkServlet.service(FrameworkServlet.java:875)
	at javax.servlet.http.HttpServlet.service(HttpServlet.java:741)
	at org.apache.catalina.core.ApplicationFilterChain.internalDoFilter(ApplicationFilterChain.java:231)
	at org.apache.catalina.core.ApplicationFilterChain.doFilter(ApplicationFilterChain.java:166)
	at org.apache.tomcat.websocket.server.WsFilter.doFilter(WsFilter.java:53)
	at org.apache.catalina.core.ApplicationFilterChain.internalDoFilter(ApplicationFilterChain.java:193)
	at org.apache.catalina.core.ApplicationFilterChain.doFilter(ApplicationFilterChain.java:166)
	at org.springframework.web.filter.CharacterEncodingFilter.doFilterInternal(CharacterEncodingFilter.java:200)
	at org.springframework.web.filter.OncePerRequestFilter.doFilter(OncePerRequestFilter.java:107)
	at org.apache.catalina.core.ApplicationFilterChain.internalDoFilter(ApplicationFilterChain.java:193)
	at org.apache.catalina.core.ApplicationFilterChain.doFilter(ApplicationFilterChain.java:166)
	at org.apache.catalina.core.StandardWrapperValve.invoke(StandardWrapperValve.java:199)
	at org.apache.catalina.core.StandardContextValve.invoke(StandardContextValve.java:96)
	at org.apache.catalina.authenticator.AuthenticatorBase.invoke(AuthenticatorBase.java:490)
	at org.apache.catalina.core.StandardHostValve.invoke(StandardHostValve.java:139)
	at org.apache.catalina.valves.ErrorReportValve.invoke(ErrorReportValve.java:92)
	at org.apache.catalina.core.StandardEngineValve.invoke(StandardEngineValve.java:74)
	at org.apache.catalina.connector.CoyoteAdapter.service(CoyoteAdapter.java:343)
	at org.apache.coyote.http11.Http11Processor.service(Http11Processor.java:408)
	at org.apache.coyote.AbstractProcessorLight.process(AbstractProcessorLight.java:66)
	at org.apache.coyote.AbstractProtocol$ConnectionHandler.process(AbstractProtocol.java:770)
	at org.apache.tomcat.util.net.NioEndpoint$SocketProcessor.doRun(NioEndpoint.java:1415)
	at org.apache.tomcat.util.net.SocketProcessorBase.run(SocketProcessorBase.java:49)
	at java.util.concurrent.ThreadPoolExecutor.runWorker(ThreadPoolExecutor.java:1149)
	at java.util.concurrent.ThreadPoolExecutor$Worker.run(ThreadPoolExecutor.java:624)
	at org.apache.tomcat.util.threads.TaskThread$WrappingRunnable.run(TaskThread.java:61)
	at java.lang.Thread.run(Thread.java:748)
[INFO ] 19:55:13.466 [main] c.spacemall.web.SpaceMallApplication ---> Starting SpaceMallApplication on LAPTOP-TAEJVG7D with PID 2508 (D:\reposity\aircas\spacemall\spacemall-web\target\classes started by gcl in D:\reposity\aircas\spacemall)
[INFO ] 19:55:13.468 [main] c.spacemall.web.SpaceMallApplication ---> No active profile set, falling back to default profiles: default
[INFO ] 19:55:14.161 [main] o.s.d.r.c.RepositoryConfigurationDelegate ---> Multiple Spring Data modules found, entering strict repository configuration mode!
[INFO ] 19:55:14.163 [main] o.s.d.r.c.RepositoryConfigurationDelegate ---> Bootstrapping Spring Data repositories in DEFAULT mode.
[INFO ] 19:55:14.187 [main] o.s.d.r.c.RepositoryConfigurationDelegate ---> Finished Spring Data repository scanning in 14ms. Found 0 repository interfaces.
[INFO ] 19:55:14.470 [main] o.s.c.s.PostProcessorRegistrationDelegate$BeanPostProcessorChecker ---> Bean 'org.springframework.transaction.annotation.ProxyTransactionManagementConfiguration' of type [org.springframework.transaction.annotation.ProxyTransactionManagementConfiguration$$EnhancerBySpringCGLIB$$481e03a4] is not eligible for getting processed by all BeanPostProcessors (for example: not eligible for auto-proxying)
[INFO ] 19:55:14.766 [main] o.s.b.w.e.tomcat.TomcatWebServer ---> Tomcat initialized with port(s): 8888 (http)
[INFO ] 19:55:14.775 [main] o.a.coyote.http11.Http11NioProtocol ---> Initializing ProtocolHandler ["http-nio-8888"]
[INFO ] 19:55:14.779 [main] o.a.catalina.core.StandardService ---> Starting service [Tomcat]
[INFO ] 19:55:14.780 [main] o.a.catalina.core.StandardEngine ---> Starting Servlet Engine: Apache Tomcat/9.0.12
[INFO ] 19:55:14.785 [main] o.a.c.core.AprLifecycleListener ---> The APR based Apache Tomcat Native library which allows optimal performance in production environments was not found on the java.library.path: [D:\Java\jdk1.8.0_181\bin;C:\Windows\Sun\Java\bin;C:\Windows\system32;C:\Windows;C:\Program Files (x86)\Common Files\Oracle\Java\javapath;C:\Windows\system32;C:\Windows;C:\Windows\System32\Wbem;C:\Windows\System32\WindowsPowerShell\v1.0\;C:\Windows\System32\OpenSSH\;C:\Program Files (x86)\NVIDIA Corporation\PhysX\Common;C:\Program Files\NVIDIA Corporation\NVIDIA NvDLISR;D:\Java\jdk1.8.0_181\bin;D:\maven\apache-maven-3.5.2\bin;D:\mysql\mysql-5.7.22-winx64\bin;D:\git\Git\cmd;C:\Users\gcl\AppData\Local\Microsoft\WindowsApps;;.]
[INFO ] 19:55:14.863 [main] o.a.c.c.C.[Tomcat].[localhost].[/] ---> Initializing Spring embedded WebApplicationContext
[INFO ] 19:55:14.863 [main] o.s.web.context.ContextLoader ---> Root WebApplicationContext: initialization completed in 1343 ms
[INFO ] 19:55:14.883 [main] o.s.b.w.s.ServletRegistrationBean ---> Servlet dispatcherServlet mapped to [/]
[INFO ] 19:55:14.887 [main] o.s.b.w.s.FilterRegistrationBean ---> Mapping filter: 'characterEncodingFilter' to: [/*]
[INFO ] 19:55:15.632 [main] s.d.s.w.PropertySourcedRequestMappingHandlerMapping ---> Mapped URL path [/v2/api-docs] onto method [public org.springframework.http.ResponseEntity<springfox.documentation.spring.web.json.Json> springfox.documentation.swagger2.web.Swagger2Controller.getDocumentation(java.lang.String,javax.servlet.http.HttpServletRequest)]
[INFO ] 19:55:16.072 [main] s.d.s.w.p.DocumentationPluginsBootstrapper ---> Context refreshed
[INFO ] 19:55:16.086 [main] s.d.s.w.p.DocumentationPluginsBootstrapper ---> Found 1 custom documentation plugin(s)
[INFO ] 19:55:16.124 [main] s.d.s.w.s.ApiListingReferenceScanner ---> Scanning for api listing references
[INFO ] 19:55:16.282 [main] o.a.coyote.http11.Http11NioProtocol ---> Starting ProtocolHandler ["http-nio-8888"]
[INFO ] 19:55:16.290 [main] o.a.tomcat.util.net.NioSelectorPool ---> Using a shared selector for servlet write/read
[INFO ] 19:55:16.302 [main] o.s.b.w.e.tomcat.TomcatWebServer ---> Tomcat started on port(s): 8888 (http) with context path ''
[INFO ] 19:55:16.305 [main] c.spacemall.web.SpaceMallApplication ---> Started SpaceMallApplication in 3.143 seconds (JVM running for 4.59)
[INFO ] 19:55:26.271 [http-nio-8888-exec-1] o.a.c.c.C.[Tomcat].[localhost].[/] ---> Initializing Spring DispatcherServlet 'dispatcherServlet'
[INFO ] 19:55:26.271 [http-nio-8888-exec-1] o.s.web.servlet.DispatcherServlet ---> Initializing Servlet 'dispatcherServlet'
[INFO ] 19:55:26.277 [http-nio-8888-exec-1] o.s.web.servlet.DispatcherServlet ---> Completed initialization in 6 ms
[INFO ] 19:55:26.298 [http-nio-8888-exec-1] c.s.w.c.u.ShoppingCartController ---> ShoppingCartController getProductFromShopCart start: userId:2425,userName:test
[INFO ] 19:55:26.298 [http-nio-8888-exec-1] c.s.w.s.u.impl.ShoppingCartImpl ---> ShoppingCatImpl getProductFromShopCat start: userId:2425,userName:test
[INFO ] 19:55:40.678 [http-nio-8888-exec-1] io.lettuce.core.EpollProvider ---> Starting without optional epoll library
[INFO ] 19:55:40.683 [http-nio-8888-exec-1] io.lettuce.core.KqueueProvider ---> Starting without optional kqueue library
[ERROR] 19:57:42.446 [http-nio-8888-exec-1] c.s.w.c.u.ShoppingCartController ---> ShoppingCartController getProductFromShopCart error:
java.lang.ClassCastException: java.lang.String cannot be cast to com.spacemall.model.entity.userEntity.ShoppingCartEntity
	at ShoppingCartImpl.lambda$getProductFromShopCart$1(ShoppingCartImpl.java:85)
	at java.util.stream.ReferencePipeline$3$1.accept(ReferencePipeline.java:193)
	at java.util.ArrayList$ArrayListSpliterator.forEachRemaining(ArrayList.java:1382)
	at java.util.stream.AbstractPipeline.copyInto(AbstractPipeline.java:481)
	at java.util.stream.AbstractPipeline.wrapAndCopyInto(AbstractPipeline.java:471)
	at java.util.stream.ReduceOps$ReduceOp.evaluateSequential(ReduceOps.java:708)
	at java.util.stream.AbstractPipeline.evaluate(AbstractPipeline.java:234)
	at java.util.stream.ReferencePipeline.collect(ReferencePipeline.java:499)
	at ShoppingCartImpl.getProductFromShopCart(ShoppingCartImpl.java:87)
	at com.spacemall.web.controller.userController.ShoppingCartController.getProductFromShopCart(ShoppingCartController.java:51)
	at sun.reflect.NativeMethodAccessorImpl.invoke0(Native Method)
	at sun.reflect.NativeMethodAccessorImpl.invoke(NativeMethodAccessorImpl.java:62)
	at sun.reflect.DelegatingMethodAccessorImpl.invoke(DelegatingMethodAccessorImpl.java:43)
	at java.lang.reflect.Method.invoke(Method.java:498)
	at org.springframework.web.method.support.InvocableHandlerMethod.doInvoke(InvocableHandlerMethod.java:215)
	at org.springframework.web.method.support.InvocableHandlerMethod.invokeForRequest(InvocableHandlerMethod.java:142)
	at org.springframework.web.servlet.mvc.method.annotation.ServletInvocableHandlerMethod.invokeAndHandle(ServletInvocableHandlerMethod.java:102)
	at org.springframework.web.servlet.mvc.method.annotation.RequestMappingHandlerAdapter.invokeHandlerMethod(RequestMappingHandlerAdapter.java:895)
	at org.springframework.web.servlet.mvc.method.annotation.RequestMappingHandlerAdapter.handleInternal(RequestMappingHandlerAdapter.java:800)
	at org.springframework.web.servlet.mvc.method.AbstractHandlerMethodAdapter.handle(AbstractHandlerMethodAdapter.java:87)
	at org.springframework.web.servlet.DispatcherServlet.doDispatch(DispatcherServlet.java:1038)
	at org.springframework.web.servlet.DispatcherServlet.doService(DispatcherServlet.java:942)
	at org.springframework.web.servlet.FrameworkServlet.processRequest(FrameworkServlet.java:998)
	at org.springframework.web.servlet.FrameworkServlet.doGet(FrameworkServlet.java:890)
	at javax.servlet.http.HttpServlet.service(HttpServlet.java:634)
	at org.springframework.web.servlet.FrameworkServlet.service(FrameworkServlet.java:875)
	at javax.servlet.http.HttpServlet.service(HttpServlet.java:741)
	at org.apache.catalina.core.ApplicationFilterChain.internalDoFilter(ApplicationFilterChain.java:231)
	at org.apache.catalina.core.ApplicationFilterChain.doFilter(ApplicationFilterChain.java:166)
	at org.apache.tomcat.websocket.server.WsFilter.doFilter(WsFilter.java:53)
	at org.apache.catalina.core.ApplicationFilterChain.internalDoFilter(ApplicationFilterChain.java:193)
	at org.apache.catalina.core.ApplicationFilterChain.doFilter(ApplicationFilterChain.java:166)
	at org.springframework.web.filter.CharacterEncodingFilter.doFilterInternal(CharacterEncodingFilter.java:200)
	at org.springframework.web.filter.OncePerRequestFilter.doFilter(OncePerRequestFilter.java:107)
	at org.apache.catalina.core.ApplicationFilterChain.internalDoFilter(ApplicationFilterChain.java:193)
	at org.apache.catalina.core.ApplicationFilterChain.doFilter(ApplicationFilterChain.java:166)
	at org.apache.catalina.core.StandardWrapperValve.invoke(StandardWrapperValve.java:199)
	at org.apache.catalina.core.StandardContextValve.invoke(StandardContextValve.java:96)
	at org.apache.catalina.authenticator.AuthenticatorBase.invoke(AuthenticatorBase.java:490)
	at org.apache.catalina.core.StandardHostValve.invoke(StandardHostValve.java:139)
	at org.apache.catalina.valves.ErrorReportValve.invoke(ErrorReportValve.java:92)
	at org.apache.catalina.core.StandardEngineValve.invoke(StandardEngineValve.java:74)
	at org.apache.catalina.connector.CoyoteAdapter.service(CoyoteAdapter.java:343)
	at org.apache.coyote.http11.Http11Processor.service(Http11Processor.java:408)
	at org.apache.coyote.AbstractProcessorLight.process(AbstractProcessorLight.java:66)
	at org.apache.coyote.AbstractProtocol$ConnectionHandler.process(AbstractProtocol.java:770)
	at org.apache.tomcat.util.net.NioEndpoint$SocketProcessor.doRun(NioEndpoint.java:1415)
	at org.apache.tomcat.util.net.SocketProcessorBase.run(SocketProcessorBase.java:49)
	at java.util.concurrent.ThreadPoolExecutor.runWorker(ThreadPoolExecutor.java:1149)
	at java.util.concurrent.ThreadPoolExecutor$Worker.run(ThreadPoolExecutor.java:624)
	at org.apache.tomcat.util.threads.TaskThread$WrappingRunnable.run(TaskThread.java:61)
	at java.lang.Thread.run(Thread.java:748)
[INFO ] 19:59:12.383 [main] c.spacemall.web.SpaceMallApplication ---> Starting SpaceMallApplication on LAPTOP-TAEJVG7D with PID 32592 (D:\reposity\aircas\spacemall\spacemall-web\target\classes started by gcl in D:\reposity\aircas\spacemall)
[INFO ] 19:59:12.386 [main] c.spacemall.web.SpaceMallApplication ---> No active profile set, falling back to default profiles: default
[INFO ] 19:59:13.113 [main] o.s.d.r.c.RepositoryConfigurationDelegate ---> Multiple Spring Data modules found, entering strict repository configuration mode!
[INFO ] 19:59:13.115 [main] o.s.d.r.c.RepositoryConfigurationDelegate ---> Bootstrapping Spring Data repositories in DEFAULT mode.
[INFO ] 19:59:13.136 [main] o.s.d.r.c.RepositoryConfigurationDelegate ---> Finished Spring Data repository scanning in 13ms. Found 0 repository interfaces.
[INFO ] 19:59:13.377 [main] o.s.c.s.PostProcessorRegistrationDelegate$BeanPostProcessorChecker ---> Bean 'org.springframework.transaction.annotation.ProxyTransactionManagementConfiguration' of type [org.springframework.transaction.annotation.ProxyTransactionManagementConfiguration$$EnhancerBySpringCGLIB$$c3e81586] is not eligible for getting processed by all BeanPostProcessors (for example: not eligible for auto-proxying)
[INFO ] 19:59:13.603 [main] o.s.b.w.e.tomcat.TomcatWebServer ---> Tomcat initialized with port(s): 8888 (http)
[INFO ] 19:59:13.612 [main] o.a.coyote.http11.Http11NioProtocol ---> Initializing ProtocolHandler ["http-nio-8888"]
[INFO ] 19:59:13.615 [main] o.a.catalina.core.StandardService ---> Starting service [Tomcat]
[INFO ] 19:59:13.615 [main] o.a.catalina.core.StandardEngine ---> Starting Servlet Engine: Apache Tomcat/9.0.12
[INFO ] 19:59:13.620 [main] o.a.c.core.AprLifecycleListener ---> The APR based Apache Tomcat Native library which allows optimal performance in production environments was not found on the java.library.path: [D:\Java\jdk1.8.0_181\bin;C:\Windows\Sun\Java\bin;C:\Windows\system32;C:\Windows;C:\Program Files (x86)\Common Files\Oracle\Java\javapath;C:\Windows\system32;C:\Windows;C:\Windows\System32\Wbem;C:\Windows\System32\WindowsPowerShell\v1.0\;C:\Windows\System32\OpenSSH\;C:\Program Files (x86)\NVIDIA Corporation\PhysX\Common;C:\Program Files\NVIDIA Corporation\NVIDIA NvDLISR;D:\Java\jdk1.8.0_181\bin;D:\maven\apache-maven-3.5.2\bin;D:\mysql\mysql-5.7.22-winx64\bin;D:\git\Git\cmd;C:\Users\gcl\AppData\Local\Microsoft\WindowsApps;;.]
[INFO ] 19:59:13.699 [main] o.a.c.c.C.[Tomcat].[localhost].[/] ---> Initializing Spring embedded WebApplicationContext
[INFO ] 19:59:13.699 [main] o.s.web.context.ContextLoader ---> Root WebApplicationContext: initialization completed in 1250 ms
[INFO ] 19:59:13.715 [main] o.s.b.w.s.ServletRegistrationBean ---> Servlet dispatcherServlet mapped to [/]
[INFO ] 19:59:13.718 [main] o.s.b.w.s.FilterRegistrationBean ---> Mapping filter: 'characterEncodingFilter' to: [/*]
[INFO ] 19:59:14.336 [main] s.d.s.w.PropertySourcedRequestMappingHandlerMapping ---> Mapped URL path [/v2/api-docs] onto method [public org.springframework.http.ResponseEntity<springfox.documentation.spring.web.json.Json> springfox.documentation.swagger2.web.Swagger2Controller.getDocumentation(java.lang.String,javax.servlet.http.HttpServletRequest)]
[INFO ] 19:59:14.705 [main] s.d.s.w.p.DocumentationPluginsBootstrapper ---> Context refreshed
[INFO ] 19:59:14.717 [main] s.d.s.w.p.DocumentationPluginsBootstrapper ---> Found 1 custom documentation plugin(s)
[INFO ] 19:59:14.747 [main] s.d.s.w.s.ApiListingReferenceScanner ---> Scanning for api listing references
[INFO ] 19:59:14.868 [main] o.a.coyote.http11.Http11NioProtocol ---> Starting ProtocolHandler ["http-nio-8888"]
[INFO ] 19:59:14.874 [main] o.a.tomcat.util.net.NioSelectorPool ---> Using a shared selector for servlet write/read
[INFO ] 19:59:14.884 [main] o.s.b.w.e.tomcat.TomcatWebServer ---> Tomcat started on port(s): 8888 (http) with context path ''
[INFO ] 19:59:14.886 [main] c.spacemall.web.SpaceMallApplication ---> Started SpaceMallApplication in 2.873 seconds (JVM running for 3.474)
[INFO ] 19:59:36.934 [http-nio-8888-exec-1] o.a.c.c.C.[Tomcat].[localhost].[/] ---> Initializing Spring DispatcherServlet 'dispatcherServlet'
[INFO ] 19:59:36.935 [http-nio-8888-exec-1] o.s.web.servlet.DispatcherServlet ---> Initializing Servlet 'dispatcherServlet'
[INFO ] 19:59:36.940 [http-nio-8888-exec-1] o.s.web.servlet.DispatcherServlet ---> Completed initialization in 5 ms
[INFO ] 19:59:55.183 [http-nio-8888-exec-9] c.s.w.c.u.ShoppingCartController ---> ShoppingCartController addProductToShopCart start: reqShopCartDto:{"id":"12425","userName":"test","shoppingCartEntities":[{"productId":"9999","productName":"test","prodResolution":"1Min","prodLevel":"2","prodScore":3,"prodCreateTime":"2020-07-05 18:40:13","description":"test"}]}
[INFO ] 19:59:55.183 [http-nio-8888-exec-9] c.s.w.s.u.impl.ShoppingCartImpl ---> ShoppingCatImpl addProductToShopCat start: reqShopCatDto:ReqShopCartDto(id=12425, userName=test, shoppingCartEntities=[ShoppingCartEntity(productId=9999, productName=test, prodResolution=1Min, prodLevel=2, prodScore=3, prodCreateTime=Sun Jul 05 18:40:13 CST 2020, description=test)])
[INFO ] 19:59:55.248 [http-nio-8888-exec-9] io.lettuce.core.EpollProvider ---> Starting without optional epoll library
[INFO ] 19:59:55.249 [http-nio-8888-exec-9] io.lettuce.core.KqueueProvider ---> Starting without optional kqueue library
[INFO ] 20:00:07.853 [http-nio-8888-exec-10] c.s.w.c.u.ShoppingCartController ---> ShoppingCartController getProductFromShopCart start: userId:12425,userName:test
[INFO ] 20:00:07.853 [http-nio-8888-exec-10] c.s.w.s.u.impl.ShoppingCartImpl ---> ShoppingCatImpl getProductFromShopCat start: userId:12425,userName:test
